[2022-03-01 20:30:33.739] [exthost] [info] Extension host with pid 2014 started
[2022-03-01 20:30:33.739] [exthost] [info] Skipping acquiring lock for /home/smileeveryday/frontend-developer-mentor/User/workspaceStorage/4e7fb84d198551bfc2237816102e5c18.
[2022-03-01 20:30:34.362] [exthost] [info] ExtensionService#_doActivateExtension vscode.css-language-features, startup: false, activationEvent: 'onLanguage:css'
[2022-03-01 20:30:34.389] [exthost] [info] ExtensionService#_doActivateExtension ritwickdey.LiveServer, startup: false, activationEvent: 'onLanguage:css'
[2022-03-01 20:30:34.922] [exthost] [info] ExtensionService#_doActivateExtension vscode.microsoft-authentication, startup: false, activationEvent: 'onAuthenticationRequest:microsoft'
[2022-03-01 20:30:34.950] [exthost] [info] ExtensionService#_doActivateExtension vscode.debug-auto-launch, startup: true, activationEvent: '*'
[2022-03-01 20:30:34.956] [exthost] [info] ExtensionService#_doActivateExtension vscode.git-base, startup: true, activationEvent: '*', root cause: vscode.github
[2022-03-01 20:30:35.105] [exthost] [info] ExtensionService#_doActivateExtension vscode.git, startup: true, activationEvent: '*'
[2022-03-01 20:30:35.149] [exthost] [info] ExtensionService#_doActivateExtension vscode.github, startup: true, activationEvent: '*'
[2022-03-01 20:30:35.284] [exthost] [info] ExtensionService#_doActivateExtension vscode.github-authentication, startup: false, activationEvent: 'onAuthenticationRequest:github'
[2022-03-01 20:30:35.431] [exthost] [info] Eager extensions activated
[2022-03-01 20:30:35.602] [exthost] [info] ExtensionService#_doActivateExtension vscode.emmet, startup: false, activationEvent: 'onStartupFinished'
[2022-03-01 20:30:35.618] [exthost] [info] ExtensionService#_doActivateExtension vscode.merge-conflict, startup: false, activationEvent: 'onStartupFinished'
[2022-03-01 20:30:35.761] [exthost] [warning] [Decorations] CAPPING events from decorations provider vscode.git 485
[2022-03-01 20:30:47.365] [exthost] [info] ExtensionService#_doActivateExtension vscode.html-language-features, startup: false, activationEvent: 'onLanguage:html'
[2022-03-01 20:30:51.008] [exthost] [warning] [Decorations] CAPPING events from decorations provider vscode.git 485
[2022-03-01 20:32:20.233] [exthost] [warning] [Decorations] CAPPING events from decorations provider vscode.git 484
[2022-03-01 20:35:14.277] [exthost] [warning] [Decorations] CAPPING events from decorations provider vscode.git 484
[2022-03-01 20:36:06.836] [exthost] [warning] [Decorations] CAPPING events from decorations provider vscode.git 484
[2022-03-01 20:36:19.467] [exthost] [warning] [Decorations] CAPPING events from decorations provider vscode.git 484
[2022-03-01 20:36:34.395] [exthost] [info] ExtensionService#_doActivateExtension vscode.extension-editing, startup: false, activationEvent: 'onLanguage:markdown'
[2022-03-01 20:36:34.433] [exthost] [info] ExtensionService#_doActivateExtension vscode.markdown-language-features, startup: false, activationEvent: 'onLanguage:markdown'
[2022-03-01 20:36:35.212] [exthost] [info] ExtensionService#_doActivateExtension vscode.markdown-math, startup: false, activationEvent: 'api', root cause: vscode.markdown-language-features
[2022-03-01 20:39:01.624] [exthost] [warning] [Decorations] CAPPING events from decorations provider vscode.git 484
[2022-03-01 20:40:30.337] [exthost] [warning] [Decorations] CAPPING events from decorations provider vscode.git 484
[2022-03-01 20:43:30.189] [exthost] [warning] [Decorations] CAPPING events from decorations provider vscode.git 484
[2022-03-01 20:44:24.349] [exthost] [warning] [Decorations] CAPPING events from decorations provider vscode.git 484
[2022-03-01 20:44:38.892] [exthost] [warning] [Decorations] CAPPING events from decorations provider vscode.git 484
[2022-03-01 20:47:10.675] [exthost] [warning] [Decorations] CAPPING events from decorations provider vscode.git 484
[2022-03-01 20:49:23.665] [exthost] [warning] [Decorations] CAPPING events from decorations provider vscode.git 484
[2022-03-01 20:49:49.275] [exthost] [warning] [Decorations] CAPPING events from decorations provider vscode.git 484
[2022-03-01 20:50:37.067] [exthost] [warning] [Decorations] CAPPING events from decorations provider vscode.git 484
[2022-03-01 20:51:12.007] [exthost] [warning] [Decorations] CAPPING events from decorations provider vscode.git 484
[2022-03-01 20:51:38.078] [exthost] [warning] [Decorations] CAPPING events from decorations provider vscode.git 484
[2022-03-01 20:52:11.217] [exthost] [warning] [Decorations] CAPPING events from decorations provider vscode.git 484
[2022-03-01 20:53:07.289] [exthost] [warning] [Decorations] CAPPING events from decorations provider vscode.git 484
[2022-03-01 20:53:34.292] [exthost] [warning] [Decorations] CAPPING events from decorations provider vscode.git 484
[2022-03-01 20:54:14.973] [exthost] [warning] [Decorations] CAPPING events from decorations provider vscode.git 484
[2022-03-01 20:57:38.609] [exthost] [warning] [Decorations] CAPPING events from decorations provider vscode.git 484
[2022-03-01 20:57:57.861] [exthost] [warning] [Decorations] CAPPING events from decorations provider vscode.git 484
[2022-03-01 20:58:11.684] [exthost] [warning] [Decorations] CAPPING events from decorations provider vscode.git 484
[2022-03-01 20:58:31.026] [exthost] [warning] [Decorations] CAPPING events from decorations provider vscode.git 484
[2022-03-01 20:58:48.990] [exthost] [warning] [Decorations] CAPPING events from decorations provider vscode.git 484
[2022-03-01 20:59:31.417] [exthost] [warning] [Decorations] CAPPING events from decorations provider vscode.git 484
[2022-03-01 20:59:56.744] [exthost] [warning] [Decorations] CAPPING events from decorations provider vscode.git 484
[2022-03-01 21:00:09.198] [exthost] [warning] [Decorations] CAPPING events from decorations provider vscode.git 484
[2022-03-01 21:00:22.898] [exthost] [warning] [Decorations] CAPPING events from decorations provider vscode.git 484
[2022-03-01 21:01:27.207] [exthost] [warning] [Decorations] CAPPING events from decorations provider vscode.git 484
[2022-03-01 21:01:39.066] [exthost] [warning] [Decorations] CAPPING events from decorations provider vscode.git 484
[2022-03-01 21:04:03.412] [exthost] [warning] [Decorations] CAPPING events from decorations provider vscode.git 484
[2022-03-01 21:04:15.465] [exthost] [warning] [Decorations] CAPPING events from decorations provider vscode.git 484
[2022-03-01 21:04:50.279] [exthost] [warning] [Decorations] CAPPING events from decorations provider vscode.git 484
[2022-03-01 21:04:55.412] [exthost] [warning] [Decorations] CAPPING events from decorations provider vscode.git 484
[2022-03-01 21:05:18.820] [exthost] [warning] [Decorations] CAPPING events from decorations provider vscode.git 484
[2022-03-01 21:05:30.310] [exthost] [warning] [Decorations] CAPPING events from decorations provider vscode.git 484
[2022-03-01 21:06:17.590] [exthost] [warning] [Decorations] CAPPING events from decorations provider vscode.git 484
[2022-03-01 21:06:29.264] [exthost] [warning] [Decorations] CAPPING events from decorations provider vscode.git 484
[2022-03-01 21:06:47.565] [exthost] [warning] [Decorations] CAPPING events from decorations provider vscode.git 484
[2022-03-01 21:07:18.385] [exthost] [warning] [Decorations] CAPPING events from decorations provider vscode.git 484
[2022-03-01 21:07:38.360] [exthost] [warning] [Decorations] CAPPING events from decorations provider vscode.git 484
[2022-03-01 21:08:39.354] [exthost] [warning] [Decorations] CAPPING events from decorations provider vscode.git 484
[2022-03-01 21:08:49.891] [exthost] [warning] [Decorations] CAPPING events from decorations provider vscode.git 484
[2022-03-01 21:09:10.046] [exthost] [warning] [Decorations] CAPPING events from decorations provider vscode.git 484
[2022-03-01 21:11:05.074] [exthost] [warning] [Decorations] CAPPING events from decorations provider vscode.git 484
[2022-03-01 21:11:18.098] [exthost] [warning] [Decorations] CAPPING events from decorations provider vscode.git 484
[2022-03-01 21:11:44.189] [exthost] [warning] [Decorations] CAPPING events from decorations provider vscode.git 484
[2022-03-01 21:11:56.752] [exthost] [warning] [Decorations] CAPPING events from decorations provider vscode.git 484
[2022-03-01 21:12:16.336] [exthost] [warning] [Decorations] CAPPING events from decorations provider vscode.git 484
[2022-03-01 21:12:40.124] [exthost] [warning] [Decorations] CAPPING events from decorations provider vscode.git 484
[2022-03-01 21:13:13.506] [exthost] [warning] [Decorations] CAPPING events from decorations provider vscode.git 484
[2022-03-01 21:13:23.947] [exthost] [warning] [Decorations] CAPPING events from decorations provider vscode.git 484
[2022-03-01 21:13:50.823] [exthost] [warning] [Decorations] CAPPING events from decorations provider vscode.git 484
[2022-03-01 21:14:35.029] [exthost] [warning] [Decorations] CAPPING events from decorations provider vscode.git 484
[2022-03-01 21:15:03.117] [exthost] [warning] [Decorations] CAPPING events from decorations provider vscode.git 484
[2022-03-01 21:15:19.320] [exthost] [warning] [Decorations] CAPPING events from decorations provider vscode.git 484
[2022-03-01 21:15:27.209] [exthost] [warning] [Decorations] CAPPING events from decorations provider vscode.git 484
[2022-03-01 21:16:14.815] [exthost] [warning] [Decorations] CAPPING events from decorations provider vscode.git 484
[2022-03-01 21:16:52.884] [exthost] [warning] [Decorations] CAPPING events from decorations provider vscode.git 484
[2022-03-01 21:17:03.806] [exthost] [warning] [Decorations] CAPPING events from decorations provider vscode.git 484
[2022-03-01 21:17:34.447] [exthost] [warning] [Decorations] CAPPING events from decorations provider vscode.git 484
[2022-03-01 21:18:55.440] [exthost] [warning] [Decorations] CAPPING events from decorations provider vscode.git 484
[2022-03-01 21:20:41.299] [exthost] [warning] [Decorations] CAPPING events from decorations provider vscode.git 484
[2022-03-01 21:21:15.804] [exthost] [warning] [Decorations] CAPPING events from decorations provider vscode.git 484
[2022-03-01 21:22:12.037] [exthost] [warning] [Decorations] CAPPING events from decorations provider vscode.git 484
[2022-03-01 21:24:09.518] [exthost] [warning] [Decorations] CAPPING events from decorations provider vscode.git 484
[2022-03-01 21:24:53.447] [exthost] [warning] [Decorations] CAPPING events from decorations provider vscode.git 484
[2022-03-01 21:25:06.917] [exthost] [warning] [Decorations] CAPPING events from decorations provider vscode.git 484
[2022-03-01 21:25:43.169] [exthost] [warning] [Decorations] CAPPING events from decorations provider vscode.git 484
[2022-03-01 21:26:13.747] [exthost] [warning] [Decorations] CAPPING events from decorations provider vscode.git 484
[2022-03-01 21:26:40.303] [exthost] [warning] [Decorations] CAPPING events from decorations provider vscode.git 484
[2022-03-01 21:32:32.110] [exthost] [warning] [Decorations] CAPPING events from decorations provider vscode.git 484
[2022-03-01 21:34:01.731] [exthost] [warning] [Decorations] CAPPING events from decorations provider vscode.git 484
[2022-03-01 21:34:12.771] [exthost] [warning] [Decorations] CAPPING events from decorations provider vscode.git 484
[2022-03-01 21:34:42.043] [exthost] [warning] [Decorations] CAPPING events from decorations provider vscode.git 484
[2022-03-01 21:35:57.662] [exthost] [warning] [Decorations] CAPPING events from decorations provider vscode.git 484
[2022-03-01 21:36:10.779] [exthost] [warning] [Decorations] CAPPING events from decorations provider vscode.git 484
[2022-03-01 21:39:11.414] [exthost] [warning] [Decorations] CAPPING events from decorations provider vscode.git 484
[2022-03-01 21:39:29.323] [exthost] [warning] [Decorations] CAPPING events from decorations provider vscode.git 484
[2022-03-01 21:40:03.195] [exthost] [warning] [Decorations] CAPPING events from decorations provider vscode.git 484
[2022-03-01 21:40:22.508] [exthost] [warning] [Decorations] CAPPING events from decorations provider vscode.git 484
[2022-03-01 21:40:43.604] [exthost] [warning] [Decorations] CAPPING events from decorations provider vscode.git 484
[2022-03-01 21:41:06.266] [exthost] [warning] [Decorations] CAPPING events from decorations provider vscode.git 484
[2022-03-01 21:41:51.039] [exthost] [warning] [Decorations] CAPPING events from decorations provider vscode.git 484
[2022-03-01 21:43:17.281] [exthost] [warning] [Decorations] CAPPING events from decorations provider vscode.git 484
[2022-03-01 21:43:36.197] [exthost] [warning] [Decorations] CAPPING events from decorations provider vscode.git 484
[2022-03-01 21:44:42.228] [exthost] [warning] [Decorations] CAPPING events from decorations provider vscode.git 484
[2022-03-01 21:45:10.743] [exthost] [warning] [Decorations] CAPPING events from decorations provider vscode.git 484
[2022-03-01 21:45:24.214] [exthost] [warning] [Decorations] CAPPING events from decorations provider vscode.git 484
[2022-03-01 21:46:00.291] [exthost] [warning] [Decorations] CAPPING events from decorations provider vscode.git 484
[2022-03-01 21:47:43.600] [exthost] [warning] [Decorations] CAPPING events from decorations provider vscode.git 484
[2022-03-01 21:47:51.036] [exthost] [warning] [Decorations] CAPPING events from decorations provider vscode.git 484
[2022-03-01 21:48:04.211] [exthost] [warning] [Decorations] CAPPING events from decorations provider vscode.git 484
[2022-03-01 21:48:15.457] [exthost] [warning] [Decorations] CAPPING events from decorations provider vscode.git 484
[2022-03-01 21:48:30.124] [exthost] [warning] [Decorations] CAPPING events from decorations provider vscode.git 484
[2022-03-01 21:48:42.254] [exthost] [warning] [Decorations] CAPPING events from decorations provider vscode.git 484
[2022-03-01 21:48:51.266] [exthost] [warning] [Decorations] CAPPING events from decorations provider vscode.git 484
[2022-03-01 21:49:28.219] [exthost] [warning] [Decorations] CAPPING events from decorations provider vscode.git 484
[2022-03-01 21:51:02.831] [exthost] [warning] [Decorations] CAPPING events from decorations provider vscode.git 484
[2022-03-01 21:51:23.516] [exthost] [warning] [Decorations] CAPPING events from decorations provider vscode.git 484
[2022-03-01 21:51:29.470] [exthost] [warning] [Decorations] CAPPING events from decorations provider vscode.git 484
[2022-03-01 21:53:05.995] [exthost] [warning] [Decorations] CAPPING events from decorations provider vscode.git 484
[2022-03-01 21:53:27.077] [exthost] [warning] [Decorations] CAPPING events from decorations provider vscode.git 484
[2022-03-01 21:53:34.479] [exthost] [warning] [Decorations] CAPPING events from decorations provider vscode.git 484
[2022-03-01 21:53:47.546] [exthost] [warning] [Decorations] CAPPING events from decorations provider vscode.git 484
[2022-03-01 21:54:55.890] [exthost] [warning] [Decorations] CAPPING events from decorations provider vscode.git 484
[2022-03-01 21:55:17.470] [exthost] [warning] [Decorations] CAPPING events from decorations provider vscode.git 484
[2022-03-01 21:55:40.527] [exthost] [warning] [Decorations] CAPPING events from decorations provider vscode.git 484
[2022-03-01 22:11:18.918] [exthost] [warning] [Decorations] CAPPING events from decorations provider vscode.git 484
[2022-03-01 22:12:38.757] [exthost] [warning] [Decorations] CAPPING events from decorations provider vscode.git 484
[2022-03-01 22:13:04.173] [exthost] [warning] [Decorations] CAPPING events from decorations provider vscode.git 484
[2022-03-01 22:13:24.582] [exthost] [warning] [Decorations] CAPPING events from decorations provider vscode.git 484
[2022-03-01 22:13:38.420] [exthost] [warning] [Decorations] CAPPING events from decorations provider vscode.git 484
[2022-03-01 22:13:50.451] [exthost] [warning] [Decorations] CAPPING events from decorations provider vscode.git 484
[2022-03-01 22:16:00.277] [exthost] [warning] [Decorations] CAPPING events from decorations provider vscode.git 484
[2022-03-01 22:18:08.243] [exthost] [warning] [Decorations] CAPPING events from decorations provider vscode.git 484
[2022-03-01 22:19:04.949] [exthost] [warning] [Decorations] CAPPING events from decorations provider vscode.git 484
[2022-03-01 22:20:31.146] [exthost] [warning] [Decorations] CAPPING events from decorations provider vscode.git 484
[2022-03-01 22:20:46.209] [exthost] [warning] [Decorations] CAPPING events from decorations provider vscode.git 484
[2022-03-01 22:20:57.359] [exthost] [warning] [Decorations] CAPPING events from decorations provider vscode.git 484
[2022-03-01 22:21:56.645] [exthost] [warning] [Decorations] CAPPING events from decorations provider vscode.git 484
[2022-03-01 22:22:08.174] [exthost] [warning] [Decorations] CAPPING events from decorations provider vscode.git 484
[2022-03-01 22:22:18.651] [exthost] [warning] [Decorations] CAPPING events from decorations provider vscode.git 484
[2022-03-01 22:22:23.741] [exthost] [warning] [Decorations] CAPPING events from decorations provider vscode.git 484
[2022-03-01 22:22:29.639] [exthost] [warning] [Decorations] CAPPING events from decorations provider vscode.git 484
[2022-03-01 22:22:34.754] [exthost] [warning] [Decorations] CAPPING events from decorations provider vscode.git 484
[2022-03-01 22:22:58.324] [exthost] [warning] [Decorations] CAPPING events from decorations provider vscode.git 484
[2022-03-01 22:23:16.870] [exthost] [warning] [Decorations] CAPPING events from decorations provider vscode.git 484
[2022-03-01 22:23:41.041] [exthost] [warning] [Decorations] CAPPING events from decorations provider vscode.git 484
[2022-03-01 22:23:50.715] [exthost] [warning] [Decorations] CAPPING events from decorations provider vscode.git 484
[2022-03-01 22:25:28.541] [exthost] [warning] [Decorations] CAPPING events from decorations provider vscode.git 484
[2022-03-01 22:25:35.334] [exthost] [warning] [Decorations] CAPPING events from decorations provider vscode.git 484
[2022-03-01 22:25:41.013] [exthost] [warning] [Decorations] CAPPING events from decorations provider vscode.git 484
[2022-03-01 22:27:38.559] [exthost] [warning] [Decorations] CAPPING events from decorations provider vscode.git 484
[2022-03-01 22:27:43.651] [exthost] [warning] [Decorations] CAPPING events from decorations provider vscode.git 484
[2022-03-01 22:27:48.752] [exthost] [warning] [Decorations] CAPPING events from decorations provider vscode.git 484
[2022-03-01 22:28:33.454] [exthost] [warning] [Decorations] CAPPING events from decorations provider vscode.git 484
[2022-03-01 22:29:07.211] [exthost] [warning] [Decorations] CAPPING events from decorations provider vscode.git 484
[2022-03-01 22:29:59.858] [exthost] [warning] [Decorations] CAPPING events from decorations provider vscode.git 484
[2022-03-01 22:30:12.378] [exthost] [warning] [Decorations] CAPPING events from decorations provider vscode.git 484
[2022-03-01 22:31:17.459] [exthost] [warning] [Decorations] CAPPING events from decorations provider vscode.git 484
[2022-03-01 22:31:43.330] [exthost] [warning] [Decorations] CAPPING events from decorations provider vscode.git 484
[2022-03-01 22:31:48.432] [exthost] [warning] [Decorations] CAPPING events from decorations provider vscode.git 484
[2022-03-01 22:32:00.050] [exthost] [warning] [Decorations] CAPPING events from decorations provider vscode.git 484
[2022-03-01 22:32:16.028] [exthost] [warning] [Decorations] CAPPING events from decorations provider vscode.git 484
[2022-03-01 22:32:26.298] [exthost] [warning] [Decorations] CAPPING events from decorations provider vscode.git 484
[2022-03-01 22:32:31.400] [exthost] [warning] [Decorations] CAPPING events from decorations provider vscode.git 484
[2022-03-01 22:32:37.857] [exthost] [warning] [Decorations] CAPPING events from decorations provider vscode.git 484
[2022-03-01 22:32:49.223] [exthost] [warning] [Decorations] CAPPING events from decorations provider vscode.git 484
[2022-03-01 22:33:03.905] [exthost] [warning] [Decorations] CAPPING events from decorations provider vscode.git 484
[2022-03-01 22:33:20.754] [exthost] [warning] [Decorations] CAPPING events from decorations provider vscode.git 484
[2022-03-01 22:33:29.317] [exthost] [warning] [Decorations] CAPPING events from decorations provider vscode.git 484
[2022-03-01 22:33:35.105] [exthost] [warning] [Decorations] CAPPING events from decorations provider vscode.git 484
[2022-03-01 22:33:40.216] [exthost] [warning] [Decorations] CAPPING events from decorations provider vscode.git 484
[2022-03-01 22:33:45.322] [exthost] [warning] [Decorations] CAPPING events from decorations provider vscode.git 484
[2022-03-01 22:33:57.632] [exthost] [warning] [Decorations] CAPPING events from decorations provider vscode.git 484
[2022-03-01 22:34:07.742] [exthost] [warning] [Decorations] CAPPING events from decorations provider vscode.git 484
[2022-03-01 22:34:12.841] [exthost] [warning] [Decorations] CAPPING events from decorations provider vscode.git 484
[2022-03-01 22:34:17.956] [exthost] [warning] [Decorations] CAPPING events from decorations provider vscode.git 484
[2022-03-01 22:34:23.068] [exthost] [warning] [Decorations] CAPPING events from decorations provider vscode.git 485
[2022-03-01 22:34:28.179] [exthost] [warning] [Decorations] CAPPING events from decorations provider vscode.git 485
[2022-03-01 22:34:36.041] [exthost] [warning] [Decorations] CAPPING events from decorations provider vscode.git 484
[2022-03-01 22:34:41.169] [exthost] [warning] [Decorations] CAPPING events from decorations provider vscode.git 484
[2022-03-01 22:34:56.069] [exthost] [warning] [Decorations] CAPPING events from decorations provider vscode.git 484
[2022-03-01 22:35:01.185] [exthost] [warning] [Decorations] CAPPING events from decorations provider vscode.git 484
[2022-03-01 22:35:07.136] [exthost] [warning] [Decorations] CAPPING events from decorations provider vscode.git 484
[2022-03-01 22:35:50.014] [exthost] [warning] [Decorations] CAPPING events from decorations provider vscode.git 484
[2022-03-01 22:36:38.105] [exthost] [warning] [Decorations] CAPPING events from decorations provider vscode.git 484
[2022-03-01 22:36:45.217] [exthost] [warning] [Decorations] CAPPING events from decorations provider vscode.git 484
[2022-03-01 22:37:05.058] [exthost] [warning] [Decorations] CAPPING events from decorations provider vscode.git 484
[2022-03-01 22:37:18.085] [exthost] [warning] [Decorations] CAPPING events from decorations provider vscode.git 484
[2022-03-01 22:38:51.651] [exthost] [warning] [Decorations] CAPPING events from decorations provider vscode.git 484
[2022-03-01 22:41:28.980] [exthost] [warning] [Decorations] CAPPING events from decorations provider vscode.git 484
[2022-03-01 22:41:43.461] [exthost] [warning] [Decorations] CAPPING events from decorations provider vscode.git 484
[2022-03-01 22:42:07.769] [exthost] [warning] [Decorations] CAPPING events from decorations provider vscode.git 484
[2022-03-01 22:42:18.553] [exthost] [warning] [Decorations] CAPPING events from decorations provider vscode.git 484
[2022-03-01 22:42:29.786] [exthost] [warning] [Decorations] CAPPING events from decorations provider vscode.git 484
[2022-03-01 22:45:15.868] [exthost] [warning] [Decorations] CAPPING events from decorations provider vscode.git 484
[2022-03-01 22:45:36.398] [exthost] [warning] [Decorations] CAPPING events from decorations provider vscode.git 484
[2022-03-01 22:45:51.858] [exthost] [warning] [Decorations] CAPPING events from decorations provider vscode.git 484
[2022-03-01 22:46:03.303] [exthost] [warning] [Decorations] CAPPING events from decorations provider vscode.git 484
[2022-03-01 22:46:08.402] [exthost] [warning] [Decorations] CAPPING events from decorations provider vscode.git 484
[2022-03-01 22:47:53.390] [exthost] [warning] [Decorations] CAPPING events from decorations provider vscode.git 484
[2022-03-01 22:48:45.461] [exthost] [warning] [Decorations] CAPPING events from decorations provider vscode.git 484
[2022-03-01 22:49:00.119] [exthost] [warning] [Decorations] CAPPING events from decorations provider vscode.git 484
[2022-03-01 22:49:09.482] [exthost] [warning] [Decorations] CAPPING events from decorations provider vscode.git 484
[2022-03-01 22:49:16.863] [exthost] [warning] [Decorations] CAPPING events from decorations provider vscode.git 484
[2022-03-01 22:49:39.029] [exthost] [warning] [Decorations] CAPPING events from decorations provider vscode.git 484
[2022-03-01 22:50:02.470] [exthost] [warning] [Decorations] CAPPING events from decorations provider vscode.git 484
[2022-03-01 22:50:41.955] [exthost] [warning] [Decorations] CAPPING events from decorations provider vscode.git 484
[2022-03-01 22:50:48.849] [exthost] [warning] [Decorations] CAPPING events from decorations provider vscode.git 484
[2022-03-01 22:51:15.943] [exthost] [warning] [Decorations] CAPPING events from decorations provider vscode.git 484
[2022-03-01 22:52:02.516] [exthost] [warning] [Decorations] CAPPING events from decorations provider vscode.git 484
[2022-03-01 22:52:18.815] [exthost] [warning] [Decorations] CAPPING events from decorations provider vscode.git 484
[2022-03-01 22:52:36.763] [exthost] [warning] [Decorations] CAPPING events from decorations provider vscode.git 484
[2022-03-01 22:52:56.641] [exthost] [warning] [Decorations] CAPPING events from decorations provider vscode.git 484
[2022-03-01 22:53:38.966] [exthost] [warning] [Decorations] CAPPING events from decorations provider vscode.git 484
[2022-03-01 22:54:00.348] [exthost] [info] extension host terminating: renderer closed the socket
[2022-03-01 22:54:00.389] [exthost] [info] Extension host with pid 2014 exiting with code 0
