[2022-03-01T05:32:25.513Z] Validating found git in: git
[2022-03-01T05:32:25.572Z] Using git 2.25.1 from git
[2022-03-01T05:32:25.599Z] > git rev-parse --git-dir [2ms]
[2022-03-01T05:32:25.604Z] Open repository: /home/smileeveryday/frontend-developer-mentor
[2022-03-01T05:32:25.644Z] > git symbolic-ref --short HEAD [3ms]
[2022-03-01T05:32:25.655Z] > git for-each-ref --format=%(refname)%00%(upstream:short)%00%(objectname)%00%(upstream:track) refs/heads/master refs/remotes/master [3ms]
[2022-03-01T05:32:25.679Z] > git for-each-ref --sort -committerdate --format %(refname) %(objectname) %(*objectname) [14ms]
[2022-03-01T05:32:25.682Z] > git remote --verbose [7ms]
[2022-03-01T05:32:25.901Z] > git config --get commit.template [2ms]
[2022-03-01T05:32:27.547Z] > git ls-files --stage -- /home/smileeveryday/frontend-developer-mentor/order-summary-component-main/index.html [98ms]
[2022-03-01T05:32:34.447Z] > git ls-files --stage -- /home/smileeveryday/frontend-developer-mentor/order-summary-component-main/style-guide.md [10ms]
[2022-03-01T05:33:00.939Z] > git ls-files --stage -- /home/smileeveryday/frontend-developer-mentor/order-summary-component-main/style.css [29ms]
[2022-03-01T05:33:01.490Z] > git symbolic-ref --short HEAD [2ms]
[2022-03-01T05:33:01.499Z] > git for-each-ref --format=%(refname)%00%(upstream:short)%00%(objectname)%00%(upstream:track) refs/heads/master refs/remotes/master [2ms]
[2022-03-01T05:33:01.517Z] > git for-each-ref --sort -committerdate --format %(refname) %(objectname) %(*objectname) [10ms]
[2022-03-01T05:33:01.519Z] > git remote --verbose [5ms]
[2022-03-01T05:33:01.567Z] > git config --get commit.template [2ms]
[2022-03-01T05:34:07.750Z] > git ls-files --stage -- /home/smileeveryday/frontend-developer-mentor/order-summary-component-main/style-guide.md [3ms]
[2022-03-01T05:34:40.522Z] > git ls-files --stage -- /home/smileeveryday/frontend-developer-mentor/order-summary-component-main/style.css [2ms]
[2022-03-01T05:35:26.129Z] > git ls-files --stage -- /home/smileeveryday/frontend-developer-mentor/order-summary-component-main/style-guide.md [3ms]
[2022-03-01T05:35:35.624Z] > git ls-files --stage -- /home/smileeveryday/frontend-developer-mentor/order-summary-component-main/style.css [3ms]
[2022-03-01T05:35:47.570Z] > git ls-files --stage -- /home/smileeveryday/frontend-developer-mentor/order-summary-component-main/style-guide.md [2ms]
[2022-03-01T05:35:55.813Z] > git ls-files --stage -- /home/smileeveryday/frontend-developer-mentor/order-summary-component-main/style.css [4ms]
[2022-03-01T05:36:12.627Z] > git ls-files --stage -- /home/smileeveryday/frontend-developer-mentor/order-summary-component-main/style-guide.md [2ms]
[2022-03-01T05:36:20.848Z] > git ls-files --stage -- /home/smileeveryday/frontend-developer-mentor/order-summary-component-main/style.css [5ms]
[2022-03-01T05:36:33.862Z] > git ls-files --stage -- /home/smileeveryday/frontend-developer-mentor/order-summary-component-main/style-guide.md [3ms]
[2022-03-01T05:36:45.807Z] > git ls-files --stage -- /home/smileeveryday/frontend-developer-mentor/order-summary-component-main/style.css [2ms]
[2022-03-01T05:36:58.607Z] > git ls-files --stage -- /home/smileeveryday/frontend-developer-mentor/order-summary-component-main/style-guide.md [3ms]
[2022-03-01T05:37:03.954Z] > git ls-files --stage -- /home/smileeveryday/frontend-developer-mentor/order-summary-component-main/style.css [2ms]
[2022-03-01T05:37:14.349Z] > git symbolic-ref --short HEAD [2ms]
[2022-03-01T05:37:14.364Z] > git for-each-ref --format=%(refname)%00%(upstream:short)%00%(objectname)%00%(upstream:track) refs/heads/master refs/remotes/master [3ms]
[2022-03-01T05:37:14.393Z] > git remote --verbose [4ms]
[2022-03-01T05:37:14.394Z] > git for-each-ref --sort -committerdate --format %(refname) %(objectname) %(*objectname) [16ms]
[2022-03-01T05:37:14.430Z] > git config --get commit.template [2ms]
[2022-03-01T05:37:19.064Z] > git ls-files --stage -- /home/smileeveryday/frontend-developer-mentor/order-summary-component-main/style-guide.md [1ms]
[2022-03-01T05:37:24.115Z] > git ls-files --stage -- /home/smileeveryday/frontend-developer-mentor/order-summary-component-main/style.css [2ms]
[2022-03-01T05:38:01.871Z] > git ls-files --stage -- /home/smileeveryday/frontend-developer-mentor/order-summary-component-main/style-guide.md [2ms]
[2022-03-01T05:38:14.055Z] > git ls-files --stage -- /home/smileeveryday/frontend-developer-mentor/order-summary-component-main/style.css [2ms]
[2022-03-01T05:38:29.676Z] > git ls-files --stage -- /home/smileeveryday/frontend-developer-mentor/order-summary-component-main/style-guide.md [3ms]
[2022-03-01T05:38:53.757Z] > git ls-files --stage -- /home/smileeveryday/frontend-developer-mentor/order-summary-component-main/style.css [3ms]
[2022-03-01T05:39:03.985Z] > git symbolic-ref --short HEAD [3ms]
[2022-03-01T05:39:03.998Z] > git for-each-ref --format=%(refname)%00%(upstream:short)%00%(objectname)%00%(upstream:track) refs/heads/master refs/remotes/master [4ms]
[2022-03-01T05:39:04.017Z] > git for-each-ref --sort -committerdate --format %(refname) %(objectname) %(*objectname) [9ms]
[2022-03-01T05:39:04.019Z] > git remote --verbose [3ms]
[2022-03-01T05:39:04.046Z] > git config --get commit.template [2ms]
[2022-03-01T05:39:19.293Z] > git symbolic-ref --short HEAD [2ms]
[2022-03-01T05:39:19.302Z] > git for-each-ref --format=%(refname)%00%(upstream:short)%00%(objectname)%00%(upstream:track) refs/heads/master refs/remotes/master [1ms]
[2022-03-01T05:39:19.319Z] > git for-each-ref --sort -committerdate --format %(refname) %(objectname) %(*objectname) [9ms]
[2022-03-01T05:39:19.320Z] > git remote --verbose [2ms]
[2022-03-01T05:39:19.344Z] > git config --get commit.template [1ms]
[2022-03-01T05:40:10.663Z] > git ls-files --stage -- /home/smileeveryday/frontend-developer-mentor/order-summary-component-main/style-guide.md [8ms]
[2022-03-01T05:40:15.944Z] > git ls-files --stage -- /home/smileeveryday/frontend-developer-mentor/order-summary-component-main/style.css [2ms]
[2022-03-01T05:40:30.364Z] > git symbolic-ref --short HEAD [2ms]
[2022-03-01T05:40:30.381Z] > git for-each-ref --format=%(refname)%00%(upstream:short)%00%(objectname)%00%(upstream:track) refs/heads/master refs/remotes/master [2ms]
[2022-03-01T05:40:30.412Z] > git remote --verbose [4ms]
[2022-03-01T05:40:30.413Z] > git for-each-ref --sort -committerdate --format %(refname) %(objectname) %(*objectname) [19ms]
[2022-03-01T05:40:30.448Z] > git config --get commit.template [2ms]
[2022-03-01T05:41:27.704Z] > git symbolic-ref --short HEAD [3ms]
[2022-03-01T05:41:27.723Z] > git for-each-ref --format=%(refname)%00%(upstream:short)%00%(objectname)%00%(upstream:track) refs/heads/master refs/remotes/master [4ms]
[2022-03-01T05:41:27.752Z] > git remote --verbose [5ms]
[2022-03-01T05:41:27.753Z] > git for-each-ref --sort -committerdate --format %(refname) %(objectname) %(*objectname) [17ms]
[2022-03-01T05:41:27.792Z] > git config --get commit.template [9ms]
[2022-03-01T05:41:32.830Z] > git symbolic-ref --short HEAD [2ms]
[2022-03-01T05:41:32.845Z] > git for-each-ref --format=%(refname)%00%(upstream:short)%00%(objectname)%00%(upstream:track) refs/heads/master refs/remotes/master [3ms]
[2022-03-01T05:41:32.869Z] > git for-each-ref --sort -committerdate --format %(refname) %(objectname) %(*objectname) [12ms]
[2022-03-01T05:41:32.869Z] > git remote --verbose [2ms]
[2022-03-01T05:41:32.903Z] > git config --get commit.template [6ms]
[2022-03-01T05:41:41.139Z] > git ls-files --stage -- /home/smileeveryday/frontend-developer-mentor/order-summary-component-main/index.html [4ms]
[2022-03-01T05:42:24.646Z] > git symbolic-ref --short HEAD [2ms]
[2022-03-01T05:42:24.660Z] > git for-each-ref --format=%(refname)%00%(upstream:short)%00%(objectname)%00%(upstream:track) refs/heads/master refs/remotes/master [2ms]
[2022-03-01T05:42:24.686Z] > git for-each-ref --sort -committerdate --format %(refname) %(objectname) %(*objectname) [15ms]
[2022-03-01T05:42:24.687Z] > git remote --verbose [2ms]
[2022-03-01T05:42:24.722Z] > git config --get commit.template [2ms]
[2022-03-01T05:42:29.765Z] > git symbolic-ref --short HEAD [1ms]
[2022-03-01T05:42:29.782Z] > git for-each-ref --format=%(refname)%00%(upstream:short)%00%(objectname)%00%(upstream:track) refs/heads/master refs/remotes/master [2ms]
[2022-03-01T05:42:29.813Z] > git for-each-ref --sort -committerdate --format %(refname) %(objectname) %(*objectname) [16ms]
[2022-03-01T05:42:29.814Z] > git remote --verbose [3ms]
[2022-03-01T05:42:29.860Z] > git config --get commit.template [4ms]
