[2022-03-01T09:36:15.765Z] Validating found git in: git
[2022-03-01T09:36:15.894Z] Using git 2.25.1 from git
[2022-03-01T09:36:15.967Z] > git rev-parse --git-dir [2ms]
[2022-03-01T09:36:15.973Z] Open repository: /home/smileeveryday/frontend-developer-mentor
[2022-03-01T09:36:16.013Z] > git symbolic-ref --short HEAD [2ms]
[2022-03-01T09:36:16.025Z] > git for-each-ref --format=%(refname)%00%(upstream:short)%00%(objectname)%00%(upstream:track) refs/heads/master refs/remotes/master [3ms]
[2022-03-01T09:36:16.120Z] > git remote --verbose [78ms]
[2022-03-01T09:36:16.121Z] > git for-each-ref --sort -committerdate --format %(refname) %(objectname) %(*objectname) [88ms]
[2022-03-01T09:36:16.583Z] > git config --get commit.template [28ms]
[2022-03-01T09:36:16.699Z] > git ls-files --stage -- /home/smileeveryday/frontend-developer-mentor/order-summary-component-main/index.html [13ms]
[2022-03-01T09:36:35.273Z] > git symbolic-ref --short HEAD [1ms]
[2022-03-01T09:36:35.282Z] > git for-each-ref --format=%(refname)%00%(upstream:short)%00%(objectname)%00%(upstream:track) refs/heads/master refs/remotes/master [3ms]
[2022-03-01T09:36:35.295Z] > git for-each-ref --sort -committerdate --format %(refname) %(objectname) %(*objectname) [7ms]
[2022-03-01T09:36:35.297Z] > git remote --verbose [3ms]
[2022-03-01T09:36:35.326Z] > git config --get commit.template [2ms]
[2022-03-01T09:36:40.503Z] > git symbolic-ref --short HEAD [2ms]
[2022-03-01T09:36:40.512Z] > git for-each-ref --format=%(refname)%00%(upstream:short)%00%(objectname)%00%(upstream:track) refs/heads/master refs/remotes/master [2ms]
[2022-03-01T09:36:40.530Z] > git for-each-ref --sort -committerdate --format %(refname) %(objectname) %(*objectname) [9ms]
[2022-03-01T09:36:40.531Z] > git remote --verbose [3ms]
[2022-03-01T09:36:40.555Z] > git config --get commit.template [1ms]
[2022-03-01T09:36:52.215Z] > git symbolic-ref --short HEAD [2ms]
[2022-03-01T09:36:52.228Z] > git for-each-ref --format=%(refname)%00%(upstream:short)%00%(objectname)%00%(upstream:track) refs/heads/master refs/remotes/master [2ms]
[2022-03-01T09:36:52.248Z] > git for-each-ref --sort -committerdate --format %(refname) %(objectname) %(*objectname) [12ms]
[2022-03-01T09:36:52.249Z] > git remote --verbose [2ms]
[2022-03-01T09:36:52.289Z] > git config --get commit.template [4ms]
[2022-03-01T09:37:17.083Z] > git log --format=%H%n%aN%n%aE%n%at%n%ct%n%P%n%B -z -n21 -- /home/smileeveryday/frontend-developer-mentor/order-summary-component-main/index.html [4ms]
[2022-03-01T09:38:26.361Z] > git ls-files --stage -- /home/smileeveryday/frontend-developer-mentor/order-summary-component-main/style.css [7ms]
[2022-03-01T09:39:02.074Z] > git symbolic-ref --short HEAD [2ms]
[2022-03-01T09:39:02.087Z] > git for-each-ref --format=%(refname)%00%(upstream:short)%00%(objectname)%00%(upstream:track) refs/heads/master refs/remotes/master [3ms]
[2022-03-01T09:39:02.108Z] > git remote --verbose [3ms]
[2022-03-01T09:39:02.109Z] > git for-each-ref --sort -committerdate --format %(refname) %(objectname) %(*objectname) [12ms]
[2022-03-01T09:39:02.148Z] > git config --get commit.template [4ms]
[2022-03-01T09:40:01.394Z] > git symbolic-ref --short HEAD [2ms]
[2022-03-01T09:40:01.403Z] > git for-each-ref --format=%(refname)%00%(upstream:short)%00%(objectname)%00%(upstream:track) refs/heads/master refs/remotes/master [2ms]
[2022-03-01T09:40:01.418Z] > git for-each-ref --sort -committerdate --format %(refname) %(objectname) %(*objectname) [7ms]
[2022-03-01T09:40:01.419Z] > git remote --verbose [2ms]
[2022-03-01T09:40:01.451Z] > git config --get commit.template [3ms]
[2022-03-01T09:40:46.202Z] > git symbolic-ref --short HEAD [2ms]
[2022-03-01T09:40:46.211Z] > git for-each-ref --format=%(refname)%00%(upstream:short)%00%(objectname)%00%(upstream:track) refs/heads/master refs/remotes/master [2ms]
[2022-03-01T09:40:46.225Z] > git for-each-ref --sort -committerdate --format %(refname) %(objectname) %(*objectname) [8ms]
[2022-03-01T09:40:46.226Z] > git remote --verbose [3ms]
[2022-03-01T09:40:46.252Z] > git config --get commit.template [1ms]
[2022-03-01T09:41:53.579Z] > git symbolic-ref --short HEAD [2ms]
[2022-03-01T09:41:53.589Z] > git for-each-ref --format=%(refname)%00%(upstream:short)%00%(objectname)%00%(upstream:track) refs/heads/master refs/remotes/master [1ms]
[2022-03-01T09:41:53.605Z] > git for-each-ref --sort -committerdate --format %(refname) %(objectname) %(*objectname) [9ms]
[2022-03-01T09:41:53.606Z] > git remote --verbose [3ms]
[2022-03-01T09:41:53.633Z] > git config --get commit.template [3ms]
[2022-03-01T09:42:02.949Z] > git ls-files --stage -- /home/smileeveryday/frontend-developer-mentor/order-summary-component-main/index.html [3ms]
[2022-03-01T09:42:12.724Z] > git symbolic-ref --short HEAD [2ms]
[2022-03-01T09:42:12.734Z] > git for-each-ref --format=%(refname)%00%(upstream:short)%00%(objectname)%00%(upstream:track) refs/heads/master refs/remotes/master [3ms]
[2022-03-01T09:42:12.748Z] > git for-each-ref --sort -committerdate --format %(refname) %(objectname) %(*objectname) [8ms]
[2022-03-01T09:42:12.749Z] > git remote --verbose [2ms]
[2022-03-01T09:42:12.773Z] > git config --get commit.template [3ms]
[2022-03-01T09:42:30.706Z] > git ls-files --stage -- /home/smileeveryday/frontend-developer-mentor/order-summary-component-main/style.css [3ms]
[2022-03-01T09:42:46.953Z] > git symbolic-ref --short HEAD [1ms]
[2022-03-01T09:42:46.963Z] > git for-each-ref --format=%(refname)%00%(upstream:short)%00%(objectname)%00%(upstream:track) refs/heads/master refs/remotes/master [2ms]
[2022-03-01T09:42:46.980Z] > git for-each-ref --sort -committerdate --format %(refname) %(objectname) %(*objectname) [9ms]
[2022-03-01T09:42:46.981Z] > git remote --verbose [2ms]
[2022-03-01T09:42:47.006Z] > git config --get commit.template [2ms]
[2022-03-01T09:42:55.081Z] > git symbolic-ref --short HEAD [1ms]
[2022-03-01T09:42:55.092Z] > git for-each-ref --format=%(refname)%00%(upstream:short)%00%(objectname)%00%(upstream:track) refs/heads/master refs/remotes/master [2ms]
[2022-03-01T09:42:55.111Z] > git for-each-ref --sort -committerdate --format %(refname) %(objectname) %(*objectname) [10ms]
[2022-03-01T09:42:55.111Z] > git remote --verbose [2ms]
[2022-03-01T09:42:55.136Z] > git config --get commit.template [0ms]
[2022-03-01T09:43:13.948Z] > git symbolic-ref --short HEAD [5ms]
[2022-03-01T09:43:13.960Z] > git for-each-ref --format=%(refname)%00%(upstream:short)%00%(objectname)%00%(upstream:track) refs/heads/master refs/remotes/master [2ms]
[2022-03-01T09:43:13.985Z] > git for-each-ref --sort -committerdate --format %(refname) %(objectname) %(*objectname) [13ms]
[2022-03-01T09:43:13.986Z] > git remote --verbose [3ms]
[2022-03-01T09:43:14.018Z] > git config --get commit.template [2ms]
[2022-03-01T09:43:59.739Z] > git ls-files --stage -- /home/smileeveryday/frontend-developer-mentor/order-summary-component-main/index.html [2ms]
[2022-03-01T09:47:07.599Z] > git symbolic-ref --short HEAD [1ms]
[2022-03-01T09:47:07.609Z] > git for-each-ref --format=%(refname)%00%(upstream:short)%00%(objectname)%00%(upstream:track) refs/heads/master refs/remotes/master [2ms]
[2022-03-01T09:47:07.624Z] > git for-each-ref --sort -committerdate --format %(refname) %(objectname) %(*objectname) [8ms]
[2022-03-01T09:47:07.625Z] > git remote --verbose [2ms]
[2022-03-01T09:47:07.656Z] > git config --get commit.template [2ms]
[2022-03-01T09:47:08.814Z] > git ls-files --stage -- /home/smileeveryday/frontend-developer-mentor/order-summary-component-main/style.css [3ms]
[2022-03-01T09:48:36.897Z] > git symbolic-ref --short HEAD [2ms]
[2022-03-01T09:48:36.908Z] > git for-each-ref --format=%(refname)%00%(upstream:short)%00%(objectname)%00%(upstream:track) refs/heads/master refs/remotes/master [2ms]
[2022-03-01T09:48:36.925Z] > git for-each-ref --sort -committerdate --format %(refname) %(objectname) %(*objectname) [8ms]
[2022-03-01T09:48:36.926Z] > git remote --verbose [2ms]
[2022-03-01T09:48:36.948Z] > git config --get commit.template [0ms]
[2022-03-01T09:48:39.032Z] > git ls-files --stage -- /home/smileeveryday/frontend-developer-mentor/order-summary-component-main/index.html [2ms]
[2022-03-01T09:54:10.993Z] > git symbolic-ref --short HEAD [1ms]
[2022-03-01T09:54:11.006Z] > git for-each-ref --format=%(refname)%00%(upstream:short)%00%(objectname)%00%(upstream:track) refs/heads/master refs/remotes/master [3ms]
[2022-03-01T09:54:11.028Z] > git for-each-ref --sort -committerdate --format %(refname) %(objectname) %(*objectname) [12ms]
[2022-03-01T09:54:11.029Z] > git remote --verbose [3ms]
[2022-03-01T09:54:11.060Z] > git config --get commit.template [1ms]
[2022-03-01T09:54:25.797Z] > git symbolic-ref --short HEAD [2ms]
[2022-03-01T09:54:25.810Z] > git for-each-ref --format=%(refname)%00%(upstream:short)%00%(objectname)%00%(upstream:track) refs/heads/master refs/remotes/master [2ms]
[2022-03-01T09:54:25.830Z] > git for-each-ref --sort -committerdate --format %(refname) %(objectname) %(*objectname) [10ms]
[2022-03-01T09:54:25.831Z] > git remote --verbose [2ms]
[2022-03-01T09:54:25.860Z] > git config --get commit.template [3ms]
[2022-03-01T09:54:26.837Z] > git ls-files --stage -- /home/smileeveryday/frontend-developer-mentor/order-summary-component-main/style.css [2ms]
[2022-03-01T09:54:32.859Z] > git ls-files --stage -- /home/smileeveryday/frontend-developer-mentor/order-summary-component-main/index.html [2ms]
[2022-03-01T09:54:51.969Z] > git symbolic-ref --short HEAD [3ms]
[2022-03-01T09:54:51.980Z] > git for-each-ref --format=%(refname)%00%(upstream:short)%00%(objectname)%00%(upstream:track) refs/heads/master refs/remotes/master [1ms]
[2022-03-01T09:54:52.000Z] > git for-each-ref --sort -committerdate --format %(refname) %(objectname) %(*objectname) [11ms]
[2022-03-01T09:54:52.001Z] > git remote --verbose [2ms]
[2022-03-01T09:54:52.027Z] > git config --get commit.template [3ms]
[2022-03-01T09:55:35.117Z] > git ls-files --stage -- /home/smileeveryday/frontend-developer-mentor/order-summary-component-main/style.css [2ms]
[2022-03-01T09:56:36.170Z] > git symbolic-ref --short HEAD [3ms]
[2022-03-01T09:56:36.184Z] > git for-each-ref --format=%(refname)%00%(upstream:short)%00%(objectname)%00%(upstream:track) refs/heads/master refs/remotes/master [2ms]
[2022-03-01T09:56:36.201Z] > git remote --verbose [2ms]
[2022-03-01T09:56:36.202Z] > git for-each-ref --sort -committerdate --format %(refname) %(objectname) %(*objectname) [10ms]
[2022-03-01T09:56:36.229Z] > git config --get commit.template [2ms]
[2022-03-01T10:01:49.839Z] > git symbolic-ref --short HEAD [1ms]
[2022-03-01T10:01:49.853Z] > git for-each-ref --format=%(refname)%00%(upstream:short)%00%(objectname)%00%(upstream:track) refs/heads/master refs/remotes/master [2ms]
[2022-03-01T10:01:49.875Z] > git for-each-ref --sort -committerdate --format %(refname) %(objectname) %(*objectname) [11ms]
[2022-03-01T10:01:49.875Z] > git remote --verbose [1ms]
[2022-03-01T10:01:49.902Z] > git config --get commit.template [2ms]
[2022-03-01T10:02:16.945Z] > git symbolic-ref --short HEAD [2ms]
[2022-03-01T10:02:16.967Z] > git for-each-ref --format=%(refname)%00%(upstream:short)%00%(objectname)%00%(upstream:track) refs/heads/master refs/remotes/master [4ms]
[2022-03-01T10:02:16.995Z] > git for-each-ref --sort -committerdate --format %(refname) %(objectname) %(*objectname) [14ms]
[2022-03-01T10:02:16.996Z] > git remote --verbose [4ms]
[2022-03-01T10:02:17.021Z] > git config --get commit.template [1ms]
[2022-03-01T10:02:57.822Z] > git symbolic-ref --short HEAD [3ms]
[2022-03-01T10:02:57.842Z] > git for-each-ref --format=%(refname)%00%(upstream:short)%00%(objectname)%00%(upstream:track) refs/heads/master refs/remotes/master [4ms]
[2022-03-01T10:02:57.864Z] > git for-each-ref --sort -committerdate --format %(refname) %(objectname) %(*objectname) [12ms]
[2022-03-01T10:02:57.865Z] > git remote --verbose [3ms]
[2022-03-01T10:02:57.893Z] > git config --get commit.template [3ms]
[2022-03-01T10:03:10.215Z] > git symbolic-ref --short HEAD [1ms]
[2022-03-01T10:03:10.229Z] > git for-each-ref --format=%(refname)%00%(upstream:short)%00%(objectname)%00%(upstream:track) refs/heads/master refs/remotes/master [3ms]
[2022-03-01T10:03:10.252Z] > git for-each-ref --sort -committerdate --format %(refname) %(objectname) %(*objectname) [13ms]
[2022-03-01T10:03:10.253Z] > git remote --verbose [2ms]
[2022-03-01T10:03:10.279Z] > git config --get commit.template [0ms]
[2022-03-01T10:03:35.674Z] > git symbolic-ref --short HEAD [4ms]
[2022-03-01T10:03:35.686Z] > git for-each-ref --format=%(refname)%00%(upstream:short)%00%(objectname)%00%(upstream:track) refs/heads/master refs/remotes/master [2ms]
[2022-03-01T10:03:35.710Z] > git remote --verbose [3ms]
[2022-03-01T10:03:35.711Z] > git for-each-ref --sort -committerdate --format %(refname) %(objectname) %(*objectname) [13ms]
[2022-03-01T10:03:35.740Z] > git config --get commit.template [3ms]
[2022-03-01T10:03:45.549Z] > git symbolic-ref --short HEAD [1ms]
[2022-03-01T10:03:45.563Z] > git for-each-ref --format=%(refname)%00%(upstream:short)%00%(objectname)%00%(upstream:track) refs/heads/master refs/remotes/master [2ms]
[2022-03-01T10:03:45.584Z] > git for-each-ref --sort -committerdate --format %(refname) %(objectname) %(*objectname) [12ms]
[2022-03-01T10:03:45.585Z] > git remote --verbose [2ms]
[2022-03-01T10:03:45.611Z] > git config --get commit.template [1ms]
[2022-03-01T10:04:01.580Z] > git symbolic-ref --short HEAD [5ms]
[2022-03-01T10:04:01.593Z] > git for-each-ref --format=%(refname)%00%(upstream:short)%00%(objectname)%00%(upstream:track) refs/heads/master refs/remotes/master [3ms]
[2022-03-01T10:04:01.618Z] > git for-each-ref --sort -committerdate --format %(refname) %(objectname) %(*objectname) [14ms]
[2022-03-01T10:04:01.619Z] > git remote --verbose [3ms]
[2022-03-01T10:04:01.654Z] > git config --get commit.template [4ms]
[2022-03-01T10:04:20.164Z] > git symbolic-ref --short HEAD [2ms]
[2022-03-01T10:04:20.178Z] > git for-each-ref --format=%(refname)%00%(upstream:short)%00%(objectname)%00%(upstream:track) refs/heads/master refs/remotes/master [2ms]
[2022-03-01T10:04:20.199Z] > git for-each-ref --sort -committerdate --format %(refname) %(objectname) %(*objectname) [11ms]
[2022-03-01T10:04:20.199Z] > git remote --verbose [2ms]
[2022-03-01T10:04:20.224Z] > git config --get commit.template [2ms]
[2022-03-01T10:05:31.155Z] > git symbolic-ref --short HEAD [2ms]
[2022-03-01T10:05:31.172Z] > git for-each-ref --format=%(refname)%00%(upstream:short)%00%(objectname)%00%(upstream:track) refs/heads/master refs/remotes/master [4ms]
[2022-03-01T10:05:31.201Z] > git for-each-ref --sort -committerdate --format %(refname) %(objectname) %(*objectname) [14ms]
[2022-03-01T10:05:31.202Z] > git remote --verbose [3ms]
[2022-03-01T10:05:31.238Z] > git config --get commit.template [7ms]
[2022-03-01T10:05:53.576Z] > git symbolic-ref --short HEAD [3ms]
[2022-03-01T10:05:53.591Z] > git for-each-ref --format=%(refname)%00%(upstream:short)%00%(objectname)%00%(upstream:track) refs/heads/master refs/remotes/master [2ms]
[2022-03-01T10:05:53.618Z] > git for-each-ref --sort -committerdate --format %(refname) %(objectname) %(*objectname) [16ms]
[2022-03-01T10:05:53.620Z] > git remote --verbose [4ms]
[2022-03-01T10:05:53.653Z] > git config --get commit.template [4ms]
[2022-03-01T10:06:08.564Z] > git ls-files --stage -- /home/smileeveryday/frontend-developer-mentor/order-summary-component-main/index.html [4ms]
[2022-03-01T10:06:33.448Z] > git ls-files --stage -- /home/smileeveryday/frontend-developer-mentor/order-summary-component-main/style.css [4ms]
[2022-03-01T10:06:43.014Z] > git symbolic-ref --short HEAD [2ms]
[2022-03-01T10:06:43.026Z] > git for-each-ref --format=%(refname)%00%(upstream:short)%00%(objectname)%00%(upstream:track) refs/heads/master refs/remotes/master [2ms]
[2022-03-01T10:06:43.048Z] > git for-each-ref --sort -committerdate --format %(refname) %(objectname) %(*objectname) [12ms]
[2022-03-01T10:06:43.049Z] > git remote --verbose [3ms]
[2022-03-01T10:06:43.081Z] > git config --get commit.template [8ms]
[2022-03-01T10:06:52.458Z] > git symbolic-ref --short HEAD [2ms]
[2022-03-01T10:06:52.471Z] > git for-each-ref --format=%(refname)%00%(upstream:short)%00%(objectname)%00%(upstream:track) refs/heads/master refs/remotes/master [2ms]
[2022-03-01T10:06:52.492Z] > git for-each-ref --sort -committerdate --format %(refname) %(objectname) %(*objectname) [11ms]
[2022-03-01T10:06:52.493Z] > git remote --verbose [2ms]
[2022-03-01T10:06:52.520Z] > git config --get commit.template [2ms]
[2022-03-01T10:07:39.557Z] > git symbolic-ref --short HEAD [2ms]
[2022-03-01T10:07:39.574Z] > git for-each-ref --format=%(refname)%00%(upstream:short)%00%(objectname)%00%(upstream:track) refs/heads/master refs/remotes/master [2ms]
[2022-03-01T10:07:39.606Z] > git for-each-ref --sort -committerdate --format %(refname) %(objectname) %(*objectname) [19ms]
[2022-03-01T10:07:39.607Z] > git remote --verbose [6ms]
[2022-03-01T10:07:39.634Z] > git config --get commit.template [1ms]
[2022-03-01T10:07:53.718Z] > git symbolic-ref --short HEAD [2ms]
[2022-03-01T10:07:53.732Z] > git for-each-ref --format=%(refname)%00%(upstream:short)%00%(objectname)%00%(upstream:track) refs/heads/master refs/remotes/master [2ms]
[2022-03-01T10:07:53.754Z] > git for-each-ref --sort -committerdate --format %(refname) %(objectname) %(*objectname) [11ms]
[2022-03-01T10:07:53.754Z] > git remote --verbose [2ms]
[2022-03-01T10:07:53.785Z] > git config --get commit.template [4ms]
[2022-03-01T10:08:01.528Z] > git symbolic-ref --short HEAD [0ms]
[2022-03-01T10:08:01.543Z] > git for-each-ref --format=%(refname)%00%(upstream:short)%00%(objectname)%00%(upstream:track) refs/heads/master refs/remotes/master [3ms]
[2022-03-01T10:08:01.566Z] > git for-each-ref --sort -committerdate --format %(refname) %(objectname) %(*objectname) [13ms]
[2022-03-01T10:08:01.567Z] > git remote --verbose [3ms]
[2022-03-01T10:08:01.603Z] > git config --get commit.template [13ms]
[2022-03-01T10:08:17.716Z] > git symbolic-ref --short HEAD [2ms]
[2022-03-01T10:08:17.732Z] > git for-each-ref --format=%(refname)%00%(upstream:short)%00%(objectname)%00%(upstream:track) refs/heads/master refs/remotes/master [3ms]
[2022-03-01T10:08:17.761Z] > git remote --verbose [4ms]
[2022-03-01T10:08:17.761Z] > git for-each-ref --sort -committerdate --format %(refname) %(objectname) %(*objectname) [15ms]
[2022-03-01T10:08:17.786Z] > git config --get commit.template [2ms]
[2022-03-01T10:08:34.518Z] > git ls-files --stage -- /home/smileeveryday/frontend-developer-mentor/order-summary-component-main/index.html [3ms]
[2022-03-01T10:08:55.588Z] > git ls-files --stage -- /home/smileeveryday/frontend-developer-mentor/order-summary-component-main/style.css [4ms]
[2022-03-01T10:09:18.773Z] > git symbolic-ref --short HEAD [2ms]
[2022-03-01T10:09:18.785Z] > git for-each-ref --format=%(refname)%00%(upstream:short)%00%(objectname)%00%(upstream:track) refs/heads/master refs/remotes/master [3ms]
[2022-03-01T10:09:18.809Z] > git for-each-ref --sort -committerdate --format %(refname) %(objectname) %(*objectname) [12ms]
[2022-03-01T10:09:18.810Z] > git remote --verbose [2ms]
[2022-03-01T10:09:18.839Z] > git config --get commit.template [7ms]
[2022-03-01T10:09:34.213Z] > git ls-files --stage -- /home/smileeveryday/frontend-developer-mentor/order-summary-component-main/index.html [2ms]
[2022-03-01T10:09:37.072Z] > git ls-files --stage -- /home/smileeveryday/frontend-developer-mentor/order-summary-component-main/style.css [5ms]
[2022-03-01T10:09:49.648Z] > git symbolic-ref --short HEAD [3ms]
[2022-03-01T10:09:49.662Z] > git for-each-ref --format=%(refname)%00%(upstream:short)%00%(objectname)%00%(upstream:track) refs/heads/master refs/remotes/master [1ms]
[2022-03-01T10:09:49.687Z] > git for-each-ref --sort -committerdate --format %(refname) %(objectname) %(*objectname) [13ms]
[2022-03-01T10:09:49.688Z] > git remote --verbose [3ms]
[2022-03-01T10:09:49.722Z] > git config --get commit.template [11ms]
[2022-03-01T10:10:05.934Z] > git symbolic-ref --short HEAD [3ms]
[2022-03-01T10:10:05.948Z] > git for-each-ref --format=%(refname)%00%(upstream:short)%00%(objectname)%00%(upstream:track) refs/heads/master refs/remotes/master [3ms]
[2022-03-01T10:10:05.970Z] > git for-each-ref --sort -committerdate --format %(refname) %(objectname) %(*objectname) [11ms]
[2022-03-01T10:10:05.971Z] > git remote --verbose [3ms]
[2022-03-01T10:10:05.993Z] > git config --get commit.template [2ms]
[2022-03-01T10:10:17.784Z] > git symbolic-ref --short HEAD [3ms]
[2022-03-01T10:10:17.796Z] > git for-each-ref --format=%(refname)%00%(upstream:short)%00%(objectname)%00%(upstream:track) refs/heads/master refs/remotes/master [2ms]
[2022-03-01T10:10:17.822Z] > git for-each-ref --sort -committerdate --format %(refname) %(objectname) %(*objectname) [12ms]
[2022-03-01T10:10:17.823Z] > git remote --verbose [2ms]
[2022-03-01T10:10:17.845Z] > git config --get commit.template [2ms]
[2022-03-01T10:10:28.764Z] > git symbolic-ref --short HEAD [2ms]
[2022-03-01T10:10:28.777Z] > git for-each-ref --format=%(refname)%00%(upstream:short)%00%(objectname)%00%(upstream:track) refs/heads/master refs/remotes/master [3ms]
[2022-03-01T10:10:28.799Z] > git for-each-ref --sort -committerdate --format %(refname) %(objectname) %(*objectname) [11ms]
[2022-03-01T10:10:28.799Z] > git remote --verbose [3ms]
[2022-03-01T10:10:28.831Z] > git config --get commit.template [7ms]
[2022-03-01T10:10:38.233Z] > git symbolic-ref --short HEAD [4ms]
[2022-03-01T10:10:38.249Z] > git for-each-ref --format=%(refname)%00%(upstream:short)%00%(objectname)%00%(upstream:track) refs/heads/master refs/remotes/master [3ms]
[2022-03-01T10:10:38.274Z] > git for-each-ref --sort -committerdate --format %(refname) %(objectname) %(*objectname) [13ms]
[2022-03-01T10:10:38.275Z] > git remote --verbose [2ms]
[2022-03-01T10:10:38.301Z] > git config --get commit.template [2ms]
[2022-03-01T10:11:05.603Z] > git symbolic-ref --short HEAD [3ms]
[2022-03-01T10:11:05.622Z] > git for-each-ref --format=%(refname)%00%(upstream:short)%00%(objectname)%00%(upstream:track) refs/heads/master refs/remotes/master [4ms]
[2022-03-01T10:11:05.652Z] > git for-each-ref --sort -committerdate --format %(refname) %(objectname) %(*objectname) [15ms]
[2022-03-01T10:11:05.653Z] > git remote --verbose [2ms]
[2022-03-01T10:11:05.683Z] > git config --get commit.template [4ms]
[2022-03-01T10:11:21.494Z] > git symbolic-ref --short HEAD [2ms]
[2022-03-01T10:11:21.508Z] > git for-each-ref --format=%(refname)%00%(upstream:short)%00%(objectname)%00%(upstream:track) refs/heads/master refs/remotes/master [2ms]
[2022-03-01T10:11:21.531Z] > git for-each-ref --sort -committerdate --format %(refname) %(objectname) %(*objectname) [12ms]
[2022-03-01T10:11:21.531Z] > git remote --verbose [2ms]
[2022-03-01T10:11:21.555Z] > git config --get commit.template [2ms]
[2022-03-01T10:11:58.043Z] > git symbolic-ref --short HEAD [3ms]
[2022-03-01T10:11:58.056Z] > git for-each-ref --format=%(refname)%00%(upstream:short)%00%(objectname)%00%(upstream:track) refs/heads/master refs/remotes/master [2ms]
[2022-03-01T10:11:58.085Z] > git for-each-ref --sort -committerdate --format %(refname) %(objectname) %(*objectname) [14ms]
[2022-03-01T10:11:58.086Z] > git remote --verbose [2ms]
[2022-03-01T10:11:58.116Z] > git config --get commit.template [5ms]
[2022-03-01T10:12:10.771Z] > git symbolic-ref --short HEAD [2ms]
[2022-03-01T10:12:10.789Z] > git for-each-ref --format=%(refname)%00%(upstream:short)%00%(objectname)%00%(upstream:track) refs/heads/master refs/remotes/master [3ms]
[2022-03-01T10:12:10.822Z] > git for-each-ref --sort -committerdate --format %(refname) %(objectname) %(*objectname) [17ms]
[2022-03-01T10:12:10.823Z] > git remote --verbose [2ms]
[2022-03-01T10:12:10.855Z] > git config --get commit.template [3ms]
[2022-03-01T10:12:33.757Z] > git ls-files --stage -- /home/smileeveryday/frontend-developer-mentor/order-summary-component-main/index.html [2ms]
[2022-03-01T10:12:43.924Z] > git ls-files --stage -- /home/smileeveryday/frontend-developer-mentor/order-summary-component-main/style.css [3ms]
[2022-03-01T10:13:09.975Z] > git symbolic-ref --short HEAD [3ms]
[2022-03-01T10:13:09.987Z] > git for-each-ref --format=%(refname)%00%(upstream:short)%00%(objectname)%00%(upstream:track) refs/heads/master refs/remotes/master [2ms]
[2022-03-01T10:13:10.013Z] > git for-each-ref --sort -committerdate --format %(refname) %(objectname) %(*objectname) [14ms]
[2022-03-01T10:13:10.013Z] > git remote --verbose [2ms]
[2022-03-01T10:13:10.045Z] > git config --get commit.template [5ms]
[2022-03-01T10:13:21.026Z] > git symbolic-ref --short HEAD [1ms]
[2022-03-01T10:13:21.039Z] > git for-each-ref --format=%(refname)%00%(upstream:short)%00%(objectname)%00%(upstream:track) refs/heads/master refs/remotes/master [2ms]
[2022-03-01T10:13:21.060Z] > git for-each-ref --sort -committerdate --format %(refname) %(objectname) %(*objectname) [12ms]
[2022-03-01T10:13:21.060Z] > git remote --verbose [2ms]
[2022-03-01T10:13:21.093Z] > git config --get commit.template [6ms]
[2022-03-01T10:14:00.704Z] > git symbolic-ref --short HEAD [1ms]
[2022-03-01T10:14:00.720Z] > git for-each-ref --format=%(refname)%00%(upstream:short)%00%(objectname)%00%(upstream:track) refs/heads/master refs/remotes/master [2ms]
[2022-03-01T10:14:00.747Z] > git for-each-ref --sort -committerdate --format %(refname) %(objectname) %(*objectname) [15ms]
[2022-03-01T10:14:00.747Z] > git remote --verbose [2ms]
[2022-03-01T10:14:00.775Z] > git config --get commit.template [2ms]
[2022-03-01T10:14:11.405Z] > git symbolic-ref --short HEAD [1ms]
[2022-03-01T10:14:11.416Z] > git for-each-ref --format=%(refname)%00%(upstream:short)%00%(objectname)%00%(upstream:track) refs/heads/master refs/remotes/master [2ms]
[2022-03-01T10:14:11.433Z] > git for-each-ref --sort -committerdate --format %(refname) %(objectname) %(*objectname) [9ms]
[2022-03-01T10:14:11.434Z] > git remote --verbose [2ms]
[2022-03-01T10:14:11.456Z] > git config --get commit.template [2ms]
[2022-03-01T10:14:32.054Z] > git ls-files --stage -- /home/smileeveryday/frontend-developer-mentor/order-summary-component-main/index.html [3ms]
[2022-03-01T10:14:45.566Z] > git ls-files --stage -- /home/smileeveryday/frontend-developer-mentor/order-summary-component-main/style.css [3ms]
[2022-03-01T10:14:52.061Z] > git symbolic-ref --short HEAD [1ms]
[2022-03-01T10:14:52.073Z] > git for-each-ref --format=%(refname)%00%(upstream:short)%00%(objectname)%00%(upstream:track) refs/heads/master refs/remotes/master [2ms]
[2022-03-01T10:14:52.093Z] > git for-each-ref --sort -committerdate --format %(refname) %(objectname) %(*objectname) [12ms]
[2022-03-01T10:14:52.094Z] > git remote --verbose [3ms]
[2022-03-01T10:14:52.118Z] > git config --get commit.template [1ms]
[2022-03-01T10:15:37.697Z] > git symbolic-ref --short HEAD [3ms]
[2022-03-01T10:15:37.713Z] > git for-each-ref --format=%(refname)%00%(upstream:short)%00%(objectname)%00%(upstream:track) refs/heads/master refs/remotes/master [0ms]
[2022-03-01T10:15:37.738Z] > git for-each-ref --sort -committerdate --format %(refname) %(objectname) %(*objectname) [14ms]
[2022-03-01T10:15:37.739Z] > git remote --verbose [2ms]
[2022-03-01T10:15:37.765Z] > git config --get commit.template [2ms]
[2022-03-01T10:15:47.855Z] > git symbolic-ref --short HEAD [2ms]
[2022-03-01T10:15:47.869Z] > git for-each-ref --format=%(refname)%00%(upstream:short)%00%(objectname)%00%(upstream:track) refs/heads/master refs/remotes/master [3ms]
[2022-03-01T10:15:47.891Z] > git for-each-ref --sort -committerdate --format %(refname) %(objectname) %(*objectname) [12ms]
[2022-03-01T10:15:47.892Z] > git remote --verbose [2ms]
[2022-03-01T10:15:47.924Z] > git config --get commit.template [1ms]
[2022-03-01T10:16:21.705Z] > git symbolic-ref --short HEAD [2ms]
[2022-03-01T10:16:21.720Z] > git for-each-ref --format=%(refname)%00%(upstream:short)%00%(objectname)%00%(upstream:track) refs/heads/master refs/remotes/master [2ms]
[2022-03-01T10:16:21.756Z] > git for-each-ref --sort -committerdate --format %(refname) %(objectname) %(*objectname) [16ms]
[2022-03-01T10:16:21.757Z] > git remote --verbose [2ms]
[2022-03-01T10:16:21.788Z] > git config --get commit.template [2ms]
